#
# There is insufficient memory for the Java Runtime Environment to continue.
# Native memory allocation (mmap) failed to map 65536 bytes for committing reserved memory.
# Possible reasons:
#   The system is out of physical RAM or swap space
#   The process is running with CompressedOops enabled, and the Java Heap may be blocking the growth of the native heap
# Possible solutions:
#   Reduce memory load on the system
#   Increase physical memory or swap space
#   Check if swap backing store is full
#   Decrease Java heap size (-Xmx/-Xms)
#   Decrease number of Java threads
#   Decrease Java thread stack sizes (-Xss)
#   Set larger code cache with -XX:ReservedCodeCacheSize=
#   JVM is running with Unscaled Compressed Oops mode in which the Java heap is
#     placed in the first 4GB address space. The Java Heap base address is the
#     maximum limit for the native heap growth. Please use -XX:HeapBaseMinAddress
#     to set the Java Heap base and to place the Java Heap above 4GB virtual address.
# This output file may be truncated or incomplete.
#
#  Out of Memory Error (os_linux.cpp:2983), pid=27451, tid=27469
#
# JRE version: OpenJDK Runtime Environment 18.9 (11.0.12+7) (build 11.0.12+7-LTS)
# Java VM: OpenJDK 64-Bit Server VM 18.9 (11.0.12+7-LTS, mixed mode, sharing, tiered, compressed oops, serial gc, linux-amd64)
# No core dump will be written. Core dumps have been disabled. To enable core dumping, try "ulimit -c unlimited" before starting Java again
#

---------------  S U M M A R Y ------------

Command Line: -Xmx64m -Xms64m -Dorg.gradle.appname=gradlew org.gradle.wrapper.GradleWrapperMain asciidoctor

Host: Intel(R) Xeon(R) CPU E5-2676 v3 @ 2.40GHz, 1 cores, 983M, Amazon Linux release 2 (Karoo)
Time: Mon Oct  4 18:45:50 2021 KST elapsed time: 48.521114 seconds (0d 0h 0m 48s)

---------------  T H R E A D  ---------------

Current thread (0x00007f22f405f000):  JavaThread "C1 CompilerThread0" daemon [_thread_in_vm, id=27469, stack(0x00007f22f974a000,0x00007f22f984b000)]


Current CompileTask:
C1:  48523 1349       3       java.util.concurrent.locks.AbstractQueuedSynchronizer$ConditionObject::awaitNanos (181 bytes)

Stack: [0x00007f22f974a000,0x00007f22f984b000],  sp=0x00007f22f9848cc0,  free space=1019k
Native frames: (J=compiled Java code, A=aot compiled Java code, j=interpreted, Vv=VM code, C=native code)
V  [libjvm.so+0xf2047f]  VMError::report_and_die(int, char const*, char const*, __va_list_tag*, Thread*, unsigned char*, void*, void*, char const*, int, unsigned long)+0x37f
V  [libjvm.so+0xf2114b]  VMError::report_and_die(Thread*, char const*, int, unsigned long, VMErrorType, char const*, __va_list_tag*)+0x2b
V  [libjvm.so+0x6c8d2e]  report_vm_out_of_memory(char const*, int, unsigned long, VMErrorType, char const*, ...)+0x10e
V  [libjvm.so+0xc55e2b]  os::pd_commit_memory(char*, unsigned long, unsigned long, bool)+0xfb
V  [libjvm.so+0xc4c17e]  os::commit_memory(char*, unsigned long, unsigned long, bool)+0x2e
V  [libjvm.so+0xf17eef]  VirtualSpace::expand_by(unsigned long, bool)+0x17f
V  [libjvm.so+0x85246e]  CodeHeap::expand_by(unsigned long)+0x8e
V  [libjvm.so+0x630fc4]  CodeCache::allocate(int, int, int)+0x94
V  [libjvm.so+0xc12c42]  nmethod::new_nmethod(methodHandle const&, int, int, CodeOffsets*, int, DebugInformationRecorder*, Dependencies*, CodeBuffer*, int, OopMapSet*, ExceptionHandlerTable*, ImplicitExceptionTable*, AbstractCompiler*, int, _jobject*, _jobject*)+0x192
V  [libjvm.so+0x5b73c8]  ciEnv::register_method(ciMethod*, int, CodeOffsets*, int, CodeBuffer*, int, OopMapSet*, ExceptionHandlerTable*, ImplicitExceptionTable*, AbstractCompiler*, bool, bool, RTMState)+0x708
V  [libjvm.so+0x4e9770]  Compilation::compile_method()+0x280
V  [libjvm.so+0x4e9aa1]  Compilation::Compilation(AbstractCompiler*, ciEnv*, ciMethod*, int, BufferBlob*, DirectiveSet*)+0x241
V  [libjvm.so+0x4ea34d]  Compiler::compile_method(ciEnv*, ciMethod*, int, DirectiveSet*)+0xbd
V  [libjvm.so+0x676ecb]  CompileBroker::invoke_compiler_on_method(CompileTask*)+0x4eb
V  [libjvm.so+0x6786bd]  CompileBroker::compiler_thread_loop()+0x57d
V  [libjvm.so+0xeb4ca6]  JavaThread::thread_main_inner()+0x1f6
V  [libjvm.so+0xeb191c]  Thread::call_run()+0x15c
V  [libjvm.so+0xc5bc8c]  thread_native_entry(Thread*)+0xec


---------------  P R O C E S S  ---------------

Threads class SMR info:
_java_thread_list=0x00007f22f491d520, length=12, elements={
0x00007f22f4015800, 0x00007f22f4050800, 0x00007f22f4052800, 0x00007f22f4058800,
0x00007f22f405a800, 0x00007f22f405c800, 0x00007f22f405f000, 0x00007f22f4061000,
0x00007f22f40a4000, 0x00007f22f47e6000, 0x00007f22f491a000, 0x00007f22f491c000
}

Java Threads: ( => current thread )
  0x00007f22f4015800 JavaThread "main" [_thread_in_native, id=27462, stack(0x00007f22fe2d4000,0x00007f22fe3d5000)]
  0x00007f22f4050800 JavaThread "Reference Handler" daemon [_thread_blocked, id=27464, stack(0x00007f22f9c4f000,0x00007f22f9d50000)]
  0x00007f22f4052800 JavaThread "Finalizer" daemon [_thread_blocked, id=27465, stack(0x00007f22f9b4e000,0x00007f22f9c4f000)]
  0x00007f22f4058800 JavaThread "Signal Dispatcher" daemon [_thread_blocked, id=27466, stack(0x00007f22f9a4d000,0x00007f22f9b4e000)]
  0x00007f22f405a800 JavaThread "Service Thread" daemon [_thread_blocked, id=27467, stack(0x00007f22f994c000,0x00007f22f9a4d000)]
  0x00007f22f405c800 JavaThread "C2 CompilerThread0" daemon [_thread_blocked, id=27468, stack(0x00007f22f984b000,0x00007f22f994c000)]
=>0x00007f22f405f000 JavaThread "C1 CompilerThread0" daemon [_thread_in_vm, id=27469, stack(0x00007f22f974a000,0x00007f22f984b000)]
  0x00007f22f4061000 JavaThread "Sweeper thread" daemon [_thread_blocked, id=27470, stack(0x00007f22f9649000,0x00007f22f974a000)]
  0x00007f22f40a4000 JavaThread "Common-Cleaner" daemon [_thread_blocked, id=27472, stack(0x00007f22f9446000,0x00007f22f9547000)]
  0x00007f22f47e6000 JavaThread "pool-1-thread-1" [_thread_in_Java, id=27473, stack(0x00007f22f804c000,0x00007f22f814d000)]
  0x00007f22f491a000 JavaThread "DisconnectableInputStream source reader" daemon [_thread_in_native, id=27479, stack(0x00007f22dc158000,0x00007f22dc259000)]
  0x00007f22f491c000 JavaThread "Forward input" [_thread_blocked, id=27481, stack(0x00007f22dc057000,0x00007f22dc158000)]

Other Threads:
  0x00007f22f404d800 VMThread "VM Thread" [stack: 0x00007f22f9d52000,0x00007f22f9e52000] [id=27463]
  0x00007f22f409d000 WatcherThread [stack: 0x00007f22f9549000,0x00007f22f9649000] [id=27471]

Threads with active compile tasks:
C1 CompilerThread0  49268 1349       3       java.util.concurrent.locks.AbstractQueuedSynchronizer$ConditionObject::awaitNanos (181 bytes)

VM state:synchronizing (normal execution)

VM Mutex/Monitor currently owned by a thread:  ([mutex/lock_event])
[0x00007f22f4011870] CodeCache_lock - owner thread: 0x00007f22f405f000
[0x00007f22f4012680] Threads_lock - owner thread: 0x00007f22f404d800
[0x00007f22f4013400] Compile_lock - owner thread: 0x00007f22f405f000
[0x00007f22f40135b0] MethodCompileQueue_lock - owner thread: 0x00007f22f405f000

Heap address: 0x00000000fc000000, size: 64 MB, Compressed Oops mode: 32-bit
Narrow klass base: 0x0000000800000000, Narrow klass shift: 3
Compressed class space size: 1073741824 Address: 0x0000000840000000

Heap:
 def new generation   total 19648K, used 14448K [0x00000000fc000000, 0x00000000fd550000, 0x00000000fd550000)
  eden space 17472K,  70% used [0x00000000fc000000, 0x00000000fcc0d9e8, 0x00000000fd110000)
  from space 2176K,  96% used [0x00000000fd110000, 0x00000000fd31e950, 0x00000000fd330000)
  to   space 2176K,   0% used [0x00000000fd330000, 0x00000000fd330000, 0x00000000fd550000)
 tenured generation   total 43712K, used 6724K [0x00000000fd550000, 0x0000000100000000, 0x0000000100000000)
   the space 43712K,  15% used [0x00000000fd550000, 0x00000000fdbe1180, 0x00000000fdbe1200, 0x0000000100000000)
 Metaspace       used 8308K, capacity 9432K, committed 9728K, reserved 1058816K
  class space    used 1120K, capacity 1275K, committed 1280K, reserved 1048576K

Card table byte_map: [0x00007f22fe29f000,0x00007f22fe2c0000] _byte_map_base: 0x00007f22fdabf000

Polling page: 0x00007f22fe3df000

Metaspace:

Usage:
  Non-class:      7.97 MB capacity,     7.02 MB ( 88%) used,   953.71 KB ( 12%) free+waste,    14.81 KB ( <1%) overhead. 
      Class:      1.25 MB capacity,     1.09 MB ( 88%) used,   146.46 KB ( 11%) free+waste,     8.44 KB ( <1%) overhead. 
       Both:      9.21 MB capacity,     8.11 MB ( 88%) used,     1.07 MB ( 12%) free+waste,    23.25 KB ( <1%) overhead. 

Virtual space:
  Non-class space:       10.00 MB reserved,       8.25 MB ( 82%) committed 
      Class space:        1.00 GB reserved,       1.25 MB ( <1%) committed 
             Both:        1.01 GB reserved,       9.50 MB ( <1%) committed 

Chunk freelists:
   Non-Class:  99.00 KB
       Class:  5.00 KB
        Both:  104.00 KB

MaxMetaspaceSize: unlimited
CompressedClassSpaceSize: 1.00 GB
Initial GC threshold: 20.80 MB
Current GC threshold: 20.80 MB
CDS: on

CodeHeap 'non-profiled nmethods': size=120036Kb used=434Kb max_used=434Kb free=119601Kb
 bounds [0x00007f22e4330000, 0x00007f22e45a0000, 0x00007f22eb869000]
CodeHeap 'profiled nmethods': size=120032Kb used=2491Kb max_used=2491Kb free=117540Kb
 bounds [0x00007f22dcdf8000, 0x00007f22dd068000, 0x00007f22e4330000]
CodeHeap 'non-nmethods': size=5692Kb used=1150Kb max_used=1160Kb free=4541Kb
 bounds [0x00007f22dc869000, 0x00007f22dcad9000, 0x00007f22dcdf8000]
 total_blobs=1746 nmethods=1338 adapters=324
 compilation: enabled
              stopped_count=0, restarted_count=0
 full_count=0

Compilation events (20 events):
Event: 41.922 Thread 0x00007f22f405f000 nmethod 1329 0x00007f22dd061d90 code [0x00007f22dd061f40, 0x00007f22dd0620b0]
Event: 41.965 Thread 0x00007f22f405f000 1330       3       java.util.concurrent.ThreadPoolExecutor::beforeExecute (1 bytes)
Event: 42.187 Thread 0x00007f22f405f000 nmethod 1330 0x00007f22dd062110 code [0x00007f22dd0622c0, 0x00007f22dd0623d0]
Event: 42.406 Thread 0x00007f22f405f000 1331       3       java.lang.StringBuilder::append (8 bytes)
Event: 42.838 Thread 0x00007f22f405f000 nmethod 1331 0x00007f22dd062490 code [0x00007f22dd062640, 0x00007f22dd0627a0]
Event: 42.841 Thread 0x00007f22f405f000 1335       3       com.google.common.collect.Iterators::addAll (41 bytes)
Event: 42.847 Thread 0x00007f22f405f000 nmethod 1335 0x00007f22dd062890 code [0x00007f22dd062ac0, 0x00007f22dd063180]
Event: 42.847 Thread 0x00007f22f405f000 1332       3       java.lang.AbstractStringBuilder::append (60 bytes)
Event: 42.856 Thread 0x00007f22f405f000 nmethod 1332 0x00007f22dd063410 code [0x00007f22dd063600, 0x00007f22dd063950]
Event: 42.856 Thread 0x00007f22f405f000 1336       3       org.gradle.internal.logging.console.BuildStatusRenderer::renderNow (43 bytes)
Event: 42.860 Thread 0x00007f22f405c800 1337       4       org.gradle.util.internal.GUtil::isTrue (56 bytes)
Event: 42.863 Thread 0x00007f22f405f000 nmethod 1336 0x00007f22dd063a90 code [0x00007f22dd063ca0, 0x00007f22dd0641b0]
Event: 42.863 Thread 0x00007f22f405f000 1333       3       org.gradle.internal.time.TimeFormatting::formatDurationTerse (104 bytes)
Event: 43.275 Thread 0x00007f22f405f000 nmethod 1333 0x00007f22dd064410 code [0x00007f22dd064700, 0x00007f22dd0653c0]
Event: 43.493 Thread 0x00007f22f405c800 nmethod 1337 0x00007f22e439bf10 code [0x00007f22e439c0a0, 0x00007f22e439c178]
Event: 45.837 Thread 0x00007f22f405f000 1338       3       java.util.concurrent.locks.AbstractQueuedSynchronizer$ConditionObject::addConditionWaiter (79 bytes)
Event: 46.324 Thread 0x00007f22f405f000 nmethod 1338 0x00007f22dd065890 code [0x00007f22dd065b60, 0x00007f22dd066aa0]
Event: 47.023 Thread 0x00007f22f405f000 1344       1       org.gradle.internal.logging.text.AbstractLineChoppingStyledTextOutput$StateContext::access$000 (5 bytes)
Event: 47.439 Thread 0x00007f22f405f000 nmethod 1344 0x00007f22e439c690 code [0x00007f22e439c840, 0x00007f22e439c8d0]
Event: 47.590 Thread 0x00007f22f405f000 1349       3       java.util.concurrent.locks.AbstractQueuedSynchronizer$ConditionObject::awaitNanos (181 bytes)

GC Heap History (4 events):
Event: 0.882 GC heap before
{Heap before GC invocations=0 (full 0):
 def new generation   total 19648K, used 17472K [0x00000000fc000000, 0x00000000fd550000, 0x00000000fd550000)
  eden space 17472K, 100% used [0x00000000fc000000, 0x00000000fd110000, 0x00000000fd110000)
  from space 2176K,   0% used [0x00000000fd110000, 0x00000000fd110000, 0x00000000fd330000)
  to   space 2176K,   0% used [0x00000000fd330000, 0x00000000fd330000, 0x00000000fd550000)
 tenured generation   total 43712K, used 0K [0x00000000fd550000, 0x0000000100000000, 0x0000000100000000)
   the space 43712K,   0% used [0x00000000fd550000, 0x00000000fd550000, 0x00000000fd550200, 0x0000000100000000)
 Metaspace       used 2022K, capacity 5144K, committed 5504K, reserved 1056768K
  class space    used 204K, capacity 522K, committed 640K, reserved 1048576K
}
Event: 0.891 GC heap after
{Heap after GC invocations=1 (full 0):
 def new generation   total 19648K, used 2175K [0x00000000fc000000, 0x00000000fd550000, 0x00000000fd550000)
  eden space 17472K,   0% used [0x00000000fc000000, 0x00000000fc000000, 0x00000000fd110000)
  from space 2176K,  99% used [0x00000000fd330000, 0x00000000fd54fff8, 0x00000000fd550000)
  to   space 2176K,   0% used [0x00000000fd110000, 0x00000000fd110000, 0x00000000fd330000)
 tenured generation   total 43712K, used 1812K [0x00000000fd550000, 0x0000000100000000, 0x0000000100000000)
   the space 43712K,   4% used [0x00000000fd550000, 0x00000000fd7151a0, 0x00000000fd715200, 0x0000000100000000)
 Metaspace       used 2022K, capacity 5144K, committed 5504K, reserved 1056768K
  class space    used 204K, capacity 522K, committed 640K, reserved 1048576K
}
Event: 1.548 GC heap before
{Heap before GC invocations=1 (full 0):
 def new generation   total 19648K, used 19647K [0x00000000fc000000, 0x00000000fd550000, 0x00000000fd550000)
  eden space 17472K, 100% used [0x00000000fc000000, 0x00000000fd110000, 0x00000000fd110000)
  from space 2176K,  99% used [0x00000000fd330000, 0x00000000fd54fff8, 0x00000000fd550000)
  to   space 2176K,   0% used [0x00000000fd110000, 0x00000000fd110000, 0x00000000fd330000)
 tenured generation   total 43712K, used 1812K [0x00000000fd550000, 0x0000000100000000, 0x0000000100000000)
   the space 43712K,   4% used [0x00000000fd550000, 0x00000000fd7151a0, 0x00000000fd715200, 0x0000000100000000)
 Metaspace       used 5008K, capacity 7285K, committed 7680K, reserved 1056768K
  class space    used 688K, capacity 921K, committed 1024K, reserved 1048576K
}
Event: 1.557 GC heap after
{Heap after GC invocations=2 (full 0):
 def new generation   total 19648K, used 2106K [0x00000000fc000000, 0x00000000fd550000, 0x00000000fd550000)
  eden space 17472K,   0% used [0x00000000fc000000, 0x00000000fc000000, 0x00000000fd110000)
  from space 2176K,  96% used [0x00000000fd110000, 0x00000000fd31e950, 0x00000000fd330000)
  to   space 2176K,   0% used [0x00000000fd330000, 0x00000000fd330000, 0x00000000fd550000)
 tenured generation   total 43712K, used 6724K [0x00000000fd550000, 0x0000000100000000, 0x0000000100000000)
   the space 43712K,  15% used [0x00000000fd550000, 0x00000000fdbe1180, 0x00000000fdbe1200, 0x0000000100000000)
 Metaspace       used 5008K, capacity 7285K, committed 7680K, reserved 1056768K
  class space    used 688K, capacity 921K, committed 1024K, reserved 1048576K
}

Deoptimization events (20 events):
Event: 1.260 Thread 0x00007f22f4015800 Uncommon trap: trap_request=0xffffff4d fr.pc=0x00007f22e433861c relative=0x000000000000007c
Event: 1.260 Thread 0x00007f22f4015800 Uncommon trap: reason=unstable_if action=reinterpret pc=0x00007f22e433861c method=java.lang.String.isLatin1()Z @ 10 c2
Event: 1.260 Thread 0x00007f22f4015800 DEOPT PACKING pc=0x00007f22e433861c sp=0x00007f22fe3d1cd0
Event: 1.260 Thread 0x00007f22f4015800 DEOPT UNPACKING pc=0x00007f22dc8b2ea5 sp=0x00007f22fe3d1c30 mode 2
Event: 1.558 Thread 0x00007f22f47e6000 Uncommon trap: trap_request=0xffffff4d fr.pc=0x00007f22e437d890 relative=0x0000000000000250
Event: 1.558 Thread 0x00007f22f47e6000 Uncommon trap: reason=unstable_if action=reinterpret pc=0x00007f22e437d890 method=java.util.concurrent.ConcurrentHashMap.get(Ljava/lang/Object;)Ljava/lang/Object; @ 76 c2
Event: 1.558 Thread 0x00007f22f47e6000 DEOPT PACKING pc=0x00007f22e437d890 sp=0x00007f22f814ab20
Event: 1.558 Thread 0x00007f22f47e6000 DEOPT UNPACKING pc=0x00007f22dc8b2ea5 sp=0x00007f22f814aaa8 mode 2
Event: 1.669 Thread 0x00007f22f4015800 DEOPT PACKING pc=0x00007f22dce84508 sp=0x00007f22fe3cd280
Event: 1.669 Thread 0x00007f22f4015800 DEOPT UNPACKING pc=0x00007f22dc8b364a sp=0x00007f22fe3cc6f0 mode 0
Event: 1.807 Thread 0x00007f22f4015800 DEOPT PACKING pc=0x00007f22dcebf920 sp=0x00007f22fe3ce490
Event: 1.807 Thread 0x00007f22f4015800 DEOPT UNPACKING pc=0x00007f22dc8b364a sp=0x00007f22fe3cd9c8 mode 0
Event: 1.829 Thread 0x00007f22f4015800 Uncommon trap: trap_request=0xffffff4d fr.pc=0x00007f22e437c810 relative=0x00000000000001d0
Event: 1.829 Thread 0x00007f22f4015800 Uncommon trap: reason=unstable_if action=reinterpret pc=0x00007f22e437c810 method=java.util.HashMap.getNode(ILjava/lang/Object;)Ljava/util/HashMap$Node; @ 129 c2
Event: 1.829 Thread 0x00007f22f4015800 DEOPT PACKING pc=0x00007f22e437c810 sp=0x00007f22fe3cfef0
Event: 1.829 Thread 0x00007f22f4015800 DEOPT UNPACKING pc=0x00007f22dc8b2ea5 sp=0x00007f22fe3cfe10 mode 2
Event: 1.829 Thread 0x00007f22f4015800 Uncommon trap: trap_request=0xffffffc6 fr.pc=0x00007f22e43816d8 relative=0x0000000000000738
Event: 1.829 Thread 0x00007f22f4015800 Uncommon trap: reason=bimorphic_or_optimized_type_check action=maybe_recompile pc=0x00007f22e43816d8 method=java.util.HashMap.putVal(ILjava/lang/Object;Ljava/lang/Object;ZZ)Ljava/lang/Object; @ 203 c2
Event: 1.829 Thread 0x00007f22f4015800 DEOPT PACKING pc=0x00007f22e43816d8 sp=0x00007f22fe3cfed0
Event: 1.829 Thread 0x00007f22f4015800 DEOPT UNPACKING pc=0x00007f22dc8b2ea5 sp=0x00007f22fe3cfde0 mode 2

Classes redefined (0 events):
No events

Internal exceptions (13 events):
Event: 0.200 Thread 0x00007f22f4015800 Exception <a 'java/io/FileNotFoundException'{0x00000000fc1a8788}> (0x00000000fc1a8788) thrown at [./src/hotspot/share/prims/jni.cpp, line 615]
Event: 0.327 Thread 0x00007f22f4015800 Exception <a 'java/lang/NoSuchMethodError'{0x00000000fc31bba0}: 'int java.lang.invoke.DirectMethodHandle$Holder.invokeStaticInit(java.lang.Object, java.lang.Object)'> (0x00000000fc31bba0) thrown at [./src/hotspot/share/interpreter/linkResolver.cpp, line 773]
Event: 0.369 Thread 0x00007f22f4015800 Exception <a 'java/lang/NoSuchMethodError'{0x00000000fc3f4ba0}: 'int java.lang.invoke.DirectMethodHandle$Holder.invokeSpecial(java.lang.Object, java.lang.Object, java.lang.Object, java.lang.Object)'> (0x00000000fc3f4ba0) thrown at [./src/hotspot/share/interpreter/linkResolver.cpp, line 773]
Event: 0.379 Thread 0x00007f22f4015800 Exception <a 'java/lang/NoSuchMethodError'{0x00000000fc42bfc8}: 'int java.lang.invoke.DirectMethodHandle$Holder.invokeSpecialIFC(java.lang.Object, java.lang.Object, int)'> (0x00000000fc42bfc8) thrown at [./src/hotspot/share/interpreter/linkResolver.cpp, line 773]
Event: 1.188 Thread 0x00007f22f4015800 Implicit null exception at 0x00007f22e4368985 to 0x00007f22e4368b64
Event: 1.264 Thread 0x00007f22f4015800 Exception <a 'java/lang/NoClassDefFoundError'{0x00000000fc9c3208}: org/slf4j/impl/StaticMarkerBinder> (0x00000000fc9c3208) thrown at [./src/hotspot/share/classfile/systemDictionary.cpp, line 220]
Event: 1.297 Thread 0x00007f22f4015800 Exception <a 'java/lang/NoSuchMethodError'{0x00000000fca7bd68}: 'java.lang.Object java.lang.invoke.DirectMethodHandle$Holder.invokeVirtual(java.lang.Object, java.lang.Object, java.lang.Object, java.lang.Object, java.lang.Object, java.lang.Object, java.lang.Object)'> (0x00000000fca7bd68) thrown at [./src/hotspot/share/interpreter/linkResolver.cpp, line 773]
Event: 1.299 Thread 0x00007f22f4015800 Exception <a 'java/lang/NoSuchMethodError'{0x00000000fca8edc0}: 'java.lang.Object java.lang.invoke.Invokers$Holder.invoker(java.lang.Object, java.lang.Object, java.lang.Object)'> (0x00000000fca8edc0) thrown at [./src/hotspot/share/interpreter/linkResolver.cpp, line 773]
Event: 1.305 Thread 0x00007f22f4015800 Exception <a 'java/lang/NoSuchMethodError'{0x00000000fca9fad8}: 'void java.lang.invoke.DelegatingMethodHandle$Holder.delegate(java.lang.Object, java.lang.Object, int, java.lang.Object)'> (0x00000000fca9fad8) thrown at [./src/hotspot/share/interpreter/linkResolver.cpp, line 773]
Event: 1.377 Thread 0x00007f22f4015800 Exception <a 'java/lang/UnsatisfiedLinkError'{0x00000000fcc15a70}> (0x00000000fcc15a70) thrown at [./src/hotspot/share/prims/jvm.cpp, line 3466]
Event: 1.377 Thread 0x00007f22f4015800 Exception <a 'java/lang/UnsatisfiedLinkError'{0x00000000fcc15a70}> (0x00000000fcc15a70) thrown at [./src/hotspot/share/prims/jni.cpp, line 615]
Event: 1.568 Thread 0x00007f22f4015800 Exception <a 'java/lang/NoSuchMethodError'{0x00000000fc036060}: 'java.lang.Object java.lang.invoke.DirectMethodHandle$Holder.invokeInterface(java.lang.Object, java.lang.Object, java.lang.Object)'> (0x00000000fc036060) thrown at [./src/hotspot/share/interpreter/linkResolver.cpp, line 773]
Event: 1.700 Thread 0x00007f22f4015800 Exception <a 'java/lang/NoSuchMethodError'{0x00000000fc384430}: 'java.lang.Object java.lang.invoke.DirectMethodHandle$Holder.invokeStaticInit(java.lang.Object, java.lang.Object, java.lang.Object)'> (0x00000000fc384430) thrown at [./src/hotspot/share/interpreter/linkResolver.cpp, line 773]

Events (20 events):
Event: 2.252 Executing VM operation: Deoptimize
Event: 2.253 Executing VM operation: Deoptimize done
Event: 2.253 Executing VM operation: RevokeBias
Event: 2.253 Executing VM operation: RevokeBias done
Event: 2.253 Executing VM operation: RevokeBias
Event: 2.253 Executing VM operation: RevokeBias done
Event: 2.253 Executing VM operation: RevokeBias
Event: 2.253 Executing VM operation: RevokeBias done
Event: 2.253 loading class com/google/common/collect/Lists$ReverseList$1
Event: 2.253 loading class com/google/common/collect/Lists$ReverseList$1 done
Event: 46.108 loading class com/google/common/base/Objects
Event: 46.108 loading class com/google/common/base/Objects done
Event: 46.333 loading class com/google/common/base/ExtraObjectsMethodsForWeb
Event: 46.333 loading class com/google/common/base/ExtraObjectsMethodsForWeb done
Event: 46.558 loading class org/gradle/internal/logging/text/AbstractLineChoppingStyledTextOutput$StateContext
Event: 46.558 loading class org/gradle/internal/logging/text/AbstractLineChoppingStyledTextOutput$StateContext done
Event: 46.964 loading class org/gradle/internal/logging/console/DefaultTextArea$2
Event: 46.964 loading class org/gradle/internal/logging/console/DefaultTextArea$2 done
Event: 47.000 loading class org/gradle/internal/logging/console/DefaultTextArea$2$1
Event: 47.000 loading class org/gradle/internal/logging/console/DefaultTextArea$2$1 done


Dynamic libraries:
fc000000-100000000 rw-p 00000000 00:00 0 
800000000-800002000 rwxp 00001000 ca:01 38011802                         /usr/lib/jvm/java-11-openjdk-11.0.12.0.7-0.amzn2.0.2.x86_64/lib/server/classes.jsa
800002000-8003b6000 rw-p 00003000 ca:01 38011802                         /usr/lib/jvm/java-11-openjdk-11.0.12.0.7-0.amzn2.0.2.x86_64/lib/server/classes.jsa
8003b6000-800a7b000 r--p 003b7000 ca:01 38011802                         /usr/lib/jvm/java-11-openjdk-11.0.12.0.7-0.amzn2.0.2.x86_64/lib/server/classes.jsa
800a7b000-800a7c000 rw-p 00a7c000 ca:01 38011802                         /usr/lib/jvm/java-11-openjdk-11.0.12.0.7-0.amzn2.0.2.x86_64/lib/server/classes.jsa
800a7c000-801086000 r--p 00a7d000 ca:01 38011802                         /usr/lib/jvm/java-11-openjdk-11.0.12.0.7-0.amzn2.0.2.x86_64/lib/server/classes.jsa
840000000-840140000 rw-p 00000000 00:00 0 
840140000-880000000 ---p 00000000 00:00 0 
5580ee61c000-5580ee61d000 r-xp 00000000 ca:01 55231146                   /usr/lib/jvm/java-11-openjdk-11.0.12.0.7-0.amzn2.0.2.x86_64/bin/java
5580ee81d000-5580ee81e000 r--p 00001000 ca:01 55231146                   /usr/lib/jvm/java-11-openjdk-11.0.12.0.7-0.amzn2.0.2.x86_64/bin/java
5580ee81e000-5580ee81f000 rw-p 00002000 ca:01 55231146                   /usr/lib/jvm/java-11-openjdk-11.0.12.0.7-0.amzn2.0.2.x86_64/bin/java
5580efe26000-5580efe47000 rw-p 00000000 00:00 0                          [heap]
7f22b4000000-7f22b47c9000 rw-p 00000000 00:00 0 
7f22b47c9000-7f22b8000000 ---p 00000000 00:00 0 
7f22bc000000-7f22bc028000 rw-p 00000000 00:00 0 
7f22bc028000-7f22c0000000 ---p 00000000 00:00 0 
7f22c0000000-7f22c0280000 rw-p 00000000 00:00 0 
7f22c0280000-7f22c4000000 ---p 00000000 00:00 0 
7f22c4000000-7f22c4021000 rw-p 00000000 00:00 0 
7f22c4021000-7f22c8000000 ---p 00000000 00:00 0 
7f22c9230000-7f22c9270000 rw-p 00000000 00:00 0 
7f22c9270000-7f22c9430000 ---p 00000000 00:00 0 
7f22c9430000-7f22d0000000 r--p 00000000 ca:01 5144864                    /usr/lib/locale/locale-archive
7f22d0000000-7f22d0021000 rw-p 00000000 00:00 0 
7f22d0021000-7f22d4000000 ---p 00000000 00:00 0 
7f22d4000000-7f22d4021000 rw-p 00000000 00:00 0 
7f22d4021000-7f22d8000000 ---p 00000000 00:00 0 
7f22d8000000-7f22d8021000 rw-p 00000000 00:00 0 
7f22d8021000-7f22dc000000 ---p 00000000 00:00 0 
7f22dc057000-7f22dc05b000 ---p 00000000 00:00 0 
7f22dc05b000-7f22dc158000 rw-p 00000000 00:00 0 
7f22dc158000-7f22dc15c000 ---p 00000000 00:00 0 
7f22dc15c000-7f22dc259000 rw-p 00000000 00:00 0 
7f22dc259000-7f22dc25b000 r-xp 00000000 ca:01 9278589                    /usr/lib/jvm/java-11-openjdk-11.0.12.0.7-0.amzn2.0.2.x86_64/lib/libextnet.so
7f22dc25b000-7f22dc45a000 ---p 00002000 ca:01 9278589                    /usr/lib/jvm/java-11-openjdk-11.0.12.0.7-0.amzn2.0.2.x86_64/lib/libextnet.so
7f22dc45a000-7f22dc45b000 r--p 00001000 ca:01 9278589                    /usr/lib/jvm/java-11-openjdk-11.0.12.0.7-0.amzn2.0.2.x86_64/lib/libextnet.so
7f22dc45b000-7f22dc45c000 rw-p 00000000 00:00 0 
7f22dc45c000-7f22dc461000 r-xp 00000000 ca:01 8457549                    /usr/lib/jvm/java-11-openjdk-11.0.12.0.7-0.amzn2.0.2.x86_64/lib/libmanagement_ext.so
7f22dc461000-7f22dc661000 ---p 00005000 ca:01 8457549                    /usr/lib/jvm/java-11-openjdk-11.0.12.0.7-0.amzn2.0.2.x86_64/lib/libmanagement_ext.so
7f22dc661000-7f22dc662000 r--p 00005000 ca:01 8457549                    /usr/lib/jvm/java-11-openjdk-11.0.12.0.7-0.amzn2.0.2.x86_64/lib/libmanagement_ext.so
7f22dc662000-7f22dc663000 rw-p 00000000 00:00 0 
7f22dc663000-7f22dc667000 r-xp 00000000 ca:01 8457547                    /usr/lib/jvm/java-11-openjdk-11.0.12.0.7-0.amzn2.0.2.x86_64/lib/libmanagement.so
7f22dc667000-7f22dc867000 ---p 00004000 ca:01 8457547                    /usr/lib/jvm/java-11-openjdk-11.0.12.0.7-0.amzn2.0.2.x86_64/lib/libmanagement.so
7f22dc867000-7f22dc868000 r--p 00004000 ca:01 8457547                    /usr/lib/jvm/java-11-openjdk-11.0.12.0.7-0.amzn2.0.2.x86_64/lib/libmanagement.so
7f22dc868000-7f22dc869000 rw-p 00000000 00:00 0 
7f22dc869000-7f22dcad9000 rwxp 00000000 00:00 0 
7f22dcad9000-7f22dcdf8000 ---p 00000000 00:00 0 
7f22dcdf8000-7f22dd068000 rwxp 00000000 00:00 0 
7f22dd078000-7f22e4330000 ---p 00000000 00:00 0 
7f22e4330000-7f22e45a0000 rwxp 00000000 00:00 0 
7f22e45a0000-7f22eb869000 ---p 00000000 00:00 0 
7f22eb869000-7f22f4000000 r--s 00000000 ca:01 8457561                    /usr/lib/jvm/java-11-openjdk-11.0.12.0.7-0.amzn2.0.2.x86_64/lib/modules
7f22f4000000-7f22f4954000 rw-p 00000000 00:00 0 
7f22f4954000-7f22f8000000 ---p 00000000 00:00 0 
7f22f804c000-7f22f8050000 ---p 00000000 00:00 0 
7f22f8050000-7f22f814d000 rw-p 00000000 00:00 0 
7f22f814d000-7f22f814f000 r-xp 00000000 ca:01 8410178                    /usr/lib64/libutil-2.26.so
7f22f814f000-7f22f834e000 ---p 00002000 ca:01 8410178                    /usr/lib64/libutil-2.26.so
7f22f834e000-7f22f834f000 r--p 00001000 ca:01 8410178                    /usr/lib64/libutil-2.26.so
7f22f834f000-7f22f8350000 rw-p 00002000 ca:01 8410178                    /usr/lib64/libutil-2.26.so
7f22f8358000-7f22f835b000 r-xp 00000000 ca:01 41943668                   /home/ec2-user/.gradle/native/jansi/1.18/linux64/libjansi.so
7f22f835b000-7f22f855a000 ---p 00003000 ca:01 41943668                   /home/ec2-user/.gradle/native/jansi/1.18/linux64/libjansi.so
7f22f855a000-7f22f855b000 rw-p 00002000 ca:01 41943668                   /home/ec2-user/.gradle/native/jansi/1.18/linux64/libjansi.so
7f22f855b000-7f22f8582000 r-xp 00000000 ca:01 8410211                    /usr/lib64/libtinfo.so.6.0
7f22f8582000-7f22f8781000 ---p 00027000 ca:01 8410211                    /usr/lib64/libtinfo.so.6.0
7f22f8781000-7f22f8785000 r--p 00026000 ca:01 8410211                    /usr/lib64/libtinfo.so.6.0
7f22f8785000-7f22f8786000 rw-p 0002a000 ca:01 8410211                    /usr/lib64/libtinfo.so.6.0
7f22f8786000-7f22f87bb000 r-xp 00000000 ca:01 8410203                    /usr/lib64/libncursesw.so.6.0
7f22f87bb000-7f22f89bb000 ---p 00035000 ca:01 8410203                    /usr/lib64/libncursesw.so.6.0
7f22f89bb000-7f22f89bc000 r--p 00035000 ca:01 8410203                    /usr/lib64/libncursesw.so.6.0
7f22f89bc000-7f22f89bd000 rw-p 00036000 ca:01 8410203                    /usr/lib64/libncursesw.so.6.0
7f22f89bd000-7f22f89c1000 r-xp 00000000 ca:01 50622964                   /home/ec2-user/.gradle/native/8bec1ad78214c89d9ad589b4d07fe93259594b29d510b10fafb7a158f7737e5d/linux-amd64-ncurses6/libnative-platform-curses.so
7f22f89c1000-7f22f8bc0000 ---p 00004000 ca:01 50622964                   /home/ec2-user/.gradle/native/8bec1ad78214c89d9ad589b4d07fe93259594b29d510b10fafb7a158f7737e5d/linux-amd64-ncurses6/libnative-platform-curses.so
7f22f8bc0000-7f22f8bc1000 r--p 00003000 ca:01 50622964                   /home/ec2-user/.gradle/native/8bec1ad78214c89d9ad589b4d07fe93259594b29d510b10fafb7a158f7737e5d/linux-amd64-ncurses6/libnative-platform-curses.so
7f22f8bc1000-7f22f8bc2000 rw-p 00004000 ca:01 50622964                   /home/ec2-user/.gradle/native/8bec1ad78214c89d9ad589b4d07fe93259594b29d510b10fafb7a158f7737e5d/linux-amd64-ncurses6/libnative-platform-curses.so
7f22f8bc2000-7f22f8c13000 r-xp 00000000 ca:01 29360951                   /home/ec2-user/.gradle/native/53dbd7edfb1c66fb8903c78663c9afc45aea4f116125fa6feffd364cf09443e8/linux-amd64/libnative-platform-file-events.so
7f22f8c13000-7f22f8e13000 ---p 00051000 ca:01 29360951                   /home/ec2-user/.gradle/native/53dbd7edfb1c66fb8903c78663c9afc45aea4f116125fa6feffd364cf09443e8/linux-amd64/libnative-platform-file-events.so
7f22f8e13000-7f22f8e14000 r--p 00051000 ca:01 29360951                   /home/ec2-user/.gradle/native/53dbd7edfb1c66fb8903c78663c9afc45aea4f116125fa6feffd364cf09443e8/linux-amd64/libnative-platform-file-events.so
7f22f8e14000-7f22f8e16000 rw-p 00052000 ca:01 29360951                   /home/ec2-user/.gradle/native/53dbd7edfb1c66fb8903c78663c9afc45aea4f116125fa6feffd364cf09443e8/linux-amd64/libnative-platform-file-events.so
7f22f8e16000-7f22f8e1b000 r-xp 00000000 ca:01 20972910                   /home/ec2-user/.gradle/native/8bec1ad78214c89d9ad589b4d07fe93259594b29d510b10fafb7a158f7737e5d/linux-amd64/libnative-platform.so
7f22f8e1b000-7f22f901b000 ---p 00005000 ca:01 20972910                   /home/ec2-user/.gradle/native/8bec1ad78214c89d9ad589b4d07fe93259594b29d510b10fafb7a158f7737e5d/linux-amd64/libnative-platform.so
7f22f901b000-7f22f901c000 r--p 00005000 ca:01 20972910                   /home/ec2-user/.gradle/native/8bec1ad78214c89d9ad589b4d07fe93259594b29d510b10fafb7a158f7737e5d/linux-amd64/libnative-platform.so
7f22f901c000-7f22f901d000 rw-p 00006000 ca:01 20972910                   /home/ec2-user/.gradle/native/8bec1ad78214c89d9ad589b4d07fe93259594b29d510b10fafb7a158f7737e5d/linux-amd64/libnative-platform.so
7f22f901d000-7f22f9033000 r-xp 00000000 ca:01 8457551                    /usr/lib/jvm/java-11-openjdk-11.0.12.0.7-0.amzn2.0.2.x86_64/lib/libnet.so
7f22f9033000-7f22f9232000 ---p 00016000 ca:01 8457551                    /usr/lib/jvm/java-11-openjdk-11.0.12.0.7-0.amzn2.0.2.x86_64/lib/libnet.so
7f22f9232000-7f22f9233000 r--p 00015000 ca:01 8457551                    /usr/lib/jvm/java-11-openjdk-11.0.12.0.7-0.amzn2.0.2.x86_64/lib/libnet.so
7f22f9233000-7f22f9234000 rw-p 00016000 ca:01 8457551                    /usr/lib/jvm/java-11-openjdk-11.0.12.0.7-0.amzn2.0.2.x86_64/lib/libnet.so
7f22f9234000-7f22f9244000 r-xp 00000000 ca:01 8457552                    /usr/lib/jvm/java-11-openjdk-11.0.12.0.7-0.amzn2.0.2.x86_64/lib/libnio.so
7f22f9244000-7f22f9444000 ---p 00010000 ca:01 8457552                    /usr/lib/jvm/java-11-openjdk-11.0.12.0.7-0.amzn2.0.2.x86_64/lib/libnio.so
7f22f9444000-7f22f9445000 r--p 00010000 ca:01 8457552                    /usr/lib/jvm/java-11-openjdk-11.0.12.0.7-0.amzn2.0.2.x86_64/lib/libnio.so
7f22f9445000-7f22f9446000 rw-p 00011000 ca:01 8457552                    /usr/lib/jvm/java-11-openjdk-11.0.12.0.7-0.amzn2.0.2.x86_64/lib/libnio.so
7f22f9446000-7f22f944a000 ---p 00000000 00:00 0 
7f22f944a000-7f22f9547000 rw-p 00000000 00:00 0 
7f22f9547000-7f22f9548000 ---p 00000000 00:00 0 
7f22f9548000-7f22f9649000 rw-p 00000000 00:00 0 
7f22f9649000-7f22f964d000 ---p 00000000 00:00 0 
7f22f964d000-7f22f974a000 rw-p 00000000 00:00 0 
7f22f974a000-7f22f974e000 ---p 00000000 00:00 0 
7f22f974e000-7f22f984b000 rw-p 00000000 00:00 0 
7f22f984b000-7f22f984f000 ---p 00000000 00:00 0 
7f22f984f000-7f22f994c000 rw-p 00000000 00:00 0 
7f22f994c000-7f22f9950000 ---p 00000000 00:00 0 
7f22f9950000-7f22f9a4d000 rw-p 00000000 00:00 0 
7f22f9a4d000-7f22f9a51000 ---p 00000000 00:00 0 
7f22f9a51000-7f22f9b4e000 rw-p 00000000 00:00 0 
7f22f9b4e000-7f22f9b52000 ---p 00000000 00:00 0 
7f22f9b52000-7f22f9c4f000 rw-p 00000000 00:00 0 
7f22f9c4f000-7f22f9c53000 ---p 00000000 00:00 0 
7f22f9c53000-7f22f9d50000 rw-p 00000000 00:00 0 
7f22f9d50000-7f22f9d51000 ---p 00000000 00:00 0 
7f22f9d51000-7f22fa72e000 rw-p 00000000 00:00 0 
7f22fa72e000-7f22fa733000 rw-p 00000000 00:00 0 
7f22fa733000-7f22fa819000 ---p 00000000 00:00 0 
7f22fa819000-7f22fa81e000 rw-p 00000000 00:00 0 
7f22fa81e000-7f22fa904000 ---p 00000000 00:00 0 
7f22fa904000-7f22fa90b000 r-xp 00000000 ca:01 8457560                    /usr/lib/jvm/java-11-openjdk-11.0.12.0.7-0.amzn2.0.2.x86_64/lib/libzip.so
7f22fa90b000-7f22fab0a000 ---p 00007000 ca:01 8457560                    /usr/lib/jvm/java-11-openjdk-11.0.12.0.7-0.amzn2.0.2.x86_64/lib/libzip.so
7f22fab0a000-7f22fab0b000 r--p 00006000 ca:01 8457560                    /usr/lib/jvm/java-11-openjdk-11.0.12.0.7-0.amzn2.0.2.x86_64/lib/libzip.so
7f22fab0b000-7f22fab0c000 rw-p 00000000 00:00 0 
7f22fab0c000-7f22fab17000 r-xp 00000000 ca:01 8410168                    /usr/lib64/libnss_files-2.26.so
7f22fab17000-7f22fad16000 ---p 0000b000 ca:01 8410168                    /usr/lib64/libnss_files-2.26.so
7f22fad16000-7f22fad17000 r--p 0000a000 ca:01 8410168                    /usr/lib64/libnss_files-2.26.so
7f22fad17000-7f22fad18000 rw-p 0000b000 ca:01 8410168                    /usr/lib64/libnss_files-2.26.so
7f22fad18000-7f22fad1e000 rw-p 00000000 00:00 0 
7f22fad1e000-7f22fad26000 r-xp 00000000 ca:01 8744296                    /usr/lib64/libnss_sss.so.2
7f22fad26000-7f22faf25000 ---p 00008000 ca:01 8744296                    /usr/lib64/libnss_sss.so.2
7f22faf25000-7f22faf26000 r--p 00007000 ca:01 8744296                    /usr/lib64/libnss_sss.so.2
7f22faf26000-7f22faf27000 rw-p 00008000 ca:01 8744296                    /usr/lib64/libnss_sss.so.2
7f22faf27000-7f22faf2c000 r-xp 00000000 ca:01 8457543                    /usr/lib/jvm/java-11-openjdk-11.0.12.0.7-0.amzn2.0.2.x86_64/lib/libjimage.so
7f22faf2c000-7f22fb12b000 ---p 00005000 ca:01 8457543                    /usr/lib/jvm/java-11-openjdk-11.0.12.0.7-0.amzn2.0.2.x86_64/lib/libjimage.so
7f22fb12b000-7f22fb12c000 r--p 00004000 ca:01 8457543                    /usr/lib/jvm/java-11-openjdk-11.0.12.0.7-0.amzn2.0.2.x86_64/lib/libjimage.so
7f22fb12c000-7f22fb12d000 rw-p 00005000 ca:01 8457543                    /usr/lib/jvm/java-11-openjdk-11.0.12.0.7-0.amzn2.0.2.x86_64/lib/libjimage.so
7f22fb12d000-7f22fb156000 r-xp 00000000 ca:01 8457540                    /usr/lib/jvm/java-11-openjdk-11.0.12.0.7-0.amzn2.0.2.x86_64/lib/libjava.so
7f22fb156000-7f22fb356000 ---p 00029000 ca:01 8457540                    /usr/lib/jvm/java-11-openjdk-11.0.12.0.7-0.amzn2.0.2.x86_64/lib/libjava.so
7f22fb356000-7f22fb357000 r--p 00029000 ca:01 8457540                    /usr/lib/jvm/java-11-openjdk-11.0.12.0.7-0.amzn2.0.2.x86_64/lib/libjava.so
7f22fb357000-7f22fb358000 rw-p 0002a000 ca:01 8457540                    /usr/lib/jvm/java-11-openjdk-11.0.12.0.7-0.amzn2.0.2.x86_64/lib/libjava.so
7f22fb358000-7f22fb359000 rw-p 00000000 00:00 0 
7f22fb359000-7f22fb366000 r-xp 00000000 ca:01 8457559                    /usr/lib/jvm/java-11-openjdk-11.0.12.0.7-0.amzn2.0.2.x86_64/lib/libverify.so
7f22fb366000-7f22fb565000 ---p 0000d000 ca:01 8457559                    /usr/lib/jvm/java-11-openjdk-11.0.12.0.7-0.amzn2.0.2.x86_64/lib/libverify.so
7f22fb565000-7f22fb567000 r--p 0000c000 ca:01 8457559                    /usr/lib/jvm/java-11-openjdk-11.0.12.0.7-0.amzn2.0.2.x86_64/lib/libverify.so
7f22fb567000-7f22fb568000 rw-p 00000000 00:00 0 
7f22fb568000-7f22fb56f000 r-xp 00000000 ca:01 8410174                    /usr/lib64/librt-2.26.so
7f22fb56f000-7f22fb76e000 ---p 00007000 ca:01 8410174                    /usr/lib64/librt-2.26.so
7f22fb76e000-7f22fb76f000 r--p 00006000 ca:01 8410174                    /usr/lib64/librt-2.26.so
7f22fb76f000-7f22fb770000 rw-p 00007000 ca:01 8410174                    /usr/lib64/librt-2.26.so
7f22fb770000-7f22fb785000 r-xp 00000000 ca:01 8410131                    /usr/lib64/libgcc_s-7-20180712.so.1
7f22fb785000-7f22fb984000 ---p 00015000 ca:01 8410131                    /usr/lib64/libgcc_s-7-20180712.so.1
7f22fb984000-7f22fb985000 r--p 00014000 ca:01 8410131                    /usr/lib64/libgcc_s-7-20180712.so.1
7f22fb985000-7f22fb986000 rw-p 00015000 ca:01 8410131                    /usr/lib64/libgcc_s-7-20180712.so.1
7f22fb986000-7f22fbac5000 r-xp 00000000 ca:01 8410158                    /usr/lib64/libm-2.26.so
7f22fbac5000-7f22fbcc4000 ---p 0013f000 ca:01 8410158                    /usr/lib64/libm-2.26.so
7f22fbcc4000-7f22fbcc5000 r--p 0013e000 ca:01 8410158                    /usr/lib64/libm-2.26.so
7f22fbcc5000-7f22fbcc6000 rw-p 0013f000 ca:01 8410158                    /usr/lib64/libm-2.26.so
7f22fbcc6000-7f22fbe38000 r-xp 00000000 ca:01 8410213                    /usr/lib64/libstdc++.so.6.0.24
7f22fbe38000-7f22fc038000 ---p 00172000 ca:01 8410213                    /usr/lib64/libstdc++.so.6.0.24
7f22fc038000-7f22fc042000 r--p 00172000 ca:01 8410213                    /usr/lib64/libstdc++.so.6.0.24
7f22fc042000-7f22fc044000 rw-p 0017c000 ca:01 8410213                    /usr/lib64/libstdc++.so.6.0.24
7f22fc044000-7f22fc048000 rw-p 00000000 00:00 0 
7f22fc048000-7f22fd275000 r-xp 00000000 ca:01 38011801                   /usr/lib/jvm/java-11-openjdk-11.0.12.0.7-0.amzn2.0.2.x86_64/lib/server/libjvm.so
7f22fd275000-7f22fd475000 ---p 0122d000 ca:01 38011801                   /usr/lib/jvm/java-11-openjdk-11.0.12.0.7-0.amzn2.0.2.x86_64/lib/server/libjvm.so
7f22fd475000-7f22fd539000 r--p 0122d000 ca:01 38011801                   /usr/lib/jvm/java-11-openjdk-11.0.12.0.7-0.amzn2.0.2.x86_64/lib/server/libjvm.so
7f22fd539000-7f22fd574000 rw-p 012f1000 ca:01 38011801                   /usr/lib/jvm/java-11-openjdk-11.0.12.0.7-0.amzn2.0.2.x86_64/lib/server/libjvm.so
7f22fd574000-7f22fd5cb000 rw-p 00000000 00:00 0 
7f22fd5cb000-7f22fd76c000 r-xp 00000000 ca:01 8410152                    /usr/lib64/libc-2.26.so
7f22fd76c000-7f22fd96c000 ---p 001a1000 ca:01 8410152                    /usr/lib64/libc-2.26.so
7f22fd96c000-7f22fd970000 r--p 001a1000 ca:01 8410152                    /usr/lib64/libc-2.26.so
7f22fd970000-7f22fd972000 rw-p 001a5000 ca:01 8410152                    /usr/lib64/libc-2.26.so
7f22fd972000-7f22fd976000 rw-p 00000000 00:00 0 
7f22fd976000-7f22fd979000 r-xp 00000000 ca:01 8410156                    /usr/lib64/libdl-2.26.so
7f22fd979000-7f22fdb78000 ---p 00003000 ca:01 8410156                    /usr/lib64/libdl-2.26.so
7f22fdb78000-7f22fdb79000 r--p 00002000 ca:01 8410156                    /usr/lib64/libdl-2.26.so
7f22fdb79000-7f22fdb7a000 rw-p 00003000 ca:01 8410156                    /usr/lib64/libdl-2.26.so
7f22fdb7a000-7f22fdb8a000 r-xp 00000000 ca:01 33557227                   /usr/lib/jvm/java-11-openjdk-11.0.12.0.7-0.amzn2.0.2.x86_64/lib/jli/libjli.so
7f22fdb8a000-7f22fdd89000 ---p 00010000 ca:01 33557227                   /usr/lib/jvm/java-11-openjdk-11.0.12.0.7-0.amzn2.0.2.x86_64/lib/jli/libjli.so
7f22fdd89000-7f22fdd8a000 r--p 0000f000 ca:01 33557227                   /usr/lib/jvm/java-11-openjdk-11.0.12.0.7-0.amzn2.0.2.x86_64/lib/jli/libjli.so
7f22fdd8a000-7f22fdd8b000 rw-p 00010000 ca:01 33557227                   /usr/lib/jvm/java-11-openjdk-11.0.12.0.7-0.amzn2.0.2.x86_64/lib/jli/libjli.so
7f22fdd8b000-7f22fdda3000 r-xp 00000000 ca:01 8410170                    /usr/lib64/libpthread-2.26.so
7f22fdda3000-7f22fdfa3000 ---p 00018000 ca:01 8410170                    /usr/lib64/libpthread-2.26.so
7f22fdfa3000-7f22fdfa4000 r--p 00018000 ca:01 8410170                    /usr/lib64/libpthread-2.26.so
7f22fdfa4000-7f22fdfa5000 rw-p 00019000 ca:01 8410170                    /usr/lib64/libpthread-2.26.so
7f22fdfa5000-7f22fdfa9000 rw-p 00000000 00:00 0 
7f22fdfa9000-7f22fdfbd000 r-xp 00000000 ca:01 8410235                    /usr/lib64/libz.so.1.2.7
7f22fdfbd000-7f22fe1bc000 ---p 00014000 ca:01 8410235                    /usr/lib64/libz.so.1.2.7
7f22fe1bc000-7f22fe1bd000 r--p 00013000 ca:01 8410235                    /usr/lib64/libz.so.1.2.7
7f22fe1bd000-7f22fe1be000 rw-p 00014000 ca:01 8410235                    /usr/lib64/libz.so.1.2.7
7f22fe1be000-7f22fe1e2000 r-xp 00000000 ca:01 8410145                    /usr/lib64/ld-2.26.so
7f22fe1e7000-7f22fe1ee000 r--s 00000000 ca:01 12585126                   /usr/lib64/gconv/gconv-modules.cache
7f22fe1ee000-7f22fe2bf000 rw-p 00000000 00:00 0 
7f22fe2bf000-7f22fe2c5000 rw-p 00000000 00:00 0 
7f22fe2c5000-7f22fe2cc000 ---p 00000000 00:00 0 
7f22fe2cc000-7f22fe2d4000 rw-s 00000000 ca:01 20974753                   /tmp/hsperfdata_ec2-user/27451
7f22fe2d4000-7f22fe2d8000 ---p 00000000 00:00 0 
7f22fe2d8000-7f22fe3d9000 rw-p 00000000 00:00 0 
7f22fe3df000-7f22fe3e0000 ---p 00000000 00:00 0 
7f22fe3e0000-7f22fe3e1000 r--p 00000000 00:00 0 
7f22fe3e1000-7f22fe3e2000 r--p 00023000 ca:01 8410145                    /usr/lib64/ld-2.26.so
7f22fe3e2000-7f22fe3e3000 rw-p 00024000 ca:01 8410145                    /usr/lib64/ld-2.26.so
7f22fe3e3000-7f22fe3e4000 rw-p 00000000 00:00 0 
7fff81185000-7fff811a6000 rw-p 00000000 00:00 0                          [stack]
7fff811d7000-7fff811da000 r--p 00000000 00:00 0                          [vvar]
7fff811da000-7fff811dc000 r-xp 00000000 00:00 0                          [vdso]
ffffffffff600000-ffffffffff601000 r-xp 00000000 00:00 0                  [vsyscall]


VM Arguments:
jvm_args: -Xmx64m -Xms64m -Dorg.gradle.appname=gradlew 
java_command: org.gradle.wrapper.GradleWrapperMain asciidoctor
java_class_path (initial): /home/ec2-user/app/step1/dingdong-server/gradle/wrapper/gradle-wrapper.jar
Launcher Type: SUN_STANDARD

[Global flags]
     intx CICompilerCount                          = 2                                         {product} {ergonomic}
   size_t InitialHeapSize                          = 67108864                                  {product} {command line}
   size_t MaxHeapSize                              = 67108864                                  {product} {command line}
   size_t MaxNewSize                               = 22347776                                  {product} {ergonomic}
   size_t MinHeapDeltaBytes                        = 196608                                    {product} {ergonomic}
   size_t NewSize                                  = 22347776                                  {product} {ergonomic}
    uintx NonNMethodCodeHeapSize                   = 5825164                                {pd product} {ergonomic}
    uintx NonProfiledCodeHeapSize                  = 122916538                              {pd product} {ergonomic}
   size_t OldSize                                  = 44761088                                  {product} {ergonomic}
    uintx ProfiledCodeHeapSize                     = 122916538                              {pd product} {ergonomic}
    uintx ReservedCodeCacheSize                    = 251658240                              {pd product} {ergonomic}
     bool SegmentedCodeCache                       = true                                      {product} {ergonomic}
     bool UseCompressedClassPointers               = true                                 {lp64_product} {ergonomic}
     bool UseCompressedOops                        = true                                 {lp64_product} {ergonomic}
     bool UseSerialGC                              = true                                      {product} {ergonomic}

Logging:
Log output configuration:
 #0: stdout all=warning uptime,level,tags
 #1: stderr all=off uptime,level,tags

Environment Variables:
PATH=/usr/local/bin:/usr/bin:/usr/local/sbin:/usr/sbin:/home/ec2-user/.local/bin:/home/ec2-user/bin
SHELL=/bin/bash
LANG=ko_KR.UTF-8

Signal Handlers:
SIGSEGV: [libjvm.so+0xf21e70], sa_mask[0]=11111111011111111101111111111110, sa_flags=SA_RESTART|SA_SIGINFO
SIGBUS: [libjvm.so+0xf21e70], sa_mask[0]=11111111011111111101111111111110, sa_flags=SA_RESTART|SA_SIGINFO
SIGFPE: [libjvm.so+0xf21e70], sa_mask[0]=11111111011111111101111111111110, sa_flags=SA_RESTART|SA_SIGINFO
SIGPIPE: [libjvm.so+0xc50d80], sa_mask[0]=11111111011111111101111111111110, sa_flags=SA_RESTART|SA_SIGINFO
SIGXFSZ: [libjvm.so+0xc50d80], sa_mask[0]=11111111011111111101111111111110, sa_flags=SA_RESTART|SA_SIGINFO
SIGILL: [libjvm.so+0xf21e70], sa_mask[0]=11111111011111111101111111111110, sa_flags=SA_RESTART|SA_SIGINFO
SIGUSR2: [libjvm.so+0xc50c10], sa_mask[0]=00000000000000000000000000000000, sa_flags=SA_RESTART|SA_SIGINFO
SIGHUP: [libjvm.so+0xc50f80], sa_mask[0]=11111111011111111101111111111110, sa_flags=SA_RESTART|SA_SIGINFO
SIGINT: [libjvm.so+0xc50f80], sa_mask[0]=11111111011111111101111111111110, sa_flags=SA_RESTART|SA_SIGINFO
SIGTERM: [libjvm.so+0xc50f80], sa_mask[0]=11111111011111111101111111111110, sa_flags=SA_RESTART|SA_SIGINFO
SIGQUIT: [libjvm.so+0xc50f80], sa_mask[0]=11111111011111111101111111111110, sa_flags=SA_RESTART|SA_SIGINFO


---------------  S Y S T E M  ---------------

OS:Amazon Linux release 2 (Karoo)
uname:Linux 4.14.243-185.433.amzn2.x86_64 #1 SMP Mon Aug 9 05:55:52 UTC 2021 x86_64
OS uptime: 16 days 18:05 hours
libc:glibc 2.26 NPTL 2.26 
rlimit (soft/hard): STACK 10240k/10240k , CORE 0k/infinity , NPROC infinity/infinity , NOFILE 65535/65535 , AS infinity/infinity , CPU infinity/infinity , DATA infinity/infinity , FSIZE infinity/infinity , MEMLOCK infinity/infinity
load average:6.65 4.25 1.82

/proc/meminfo:
MemTotal:        1006892 kB
MemFree:           51716 kB
MemAvailable:          0 kB
Buffers:               0 kB
Cached:             7320 kB
SwapCached:            0 kB
Active:           893736 kB
Inactive:           6560 kB
Active(anon):     893172 kB
Inactive(anon):      252 kB
Active(file):        564 kB
Inactive(file):     6308 kB
Unevictable:           0 kB
Mlocked:               0 kB
SwapTotal:             0 kB
SwapFree:              0 kB
Dirty:                24 kB
Writeback:             0 kB
AnonPages:        893024 kB
Mapped:             4508 kB
Shmem:               400 kB
Slab:              32588 kB
SReclaimable:      16828 kB
SUnreclaim:        15760 kB
KernelStack:        3728 kB
PageTables:         7400 kB
NFS_Unstable:          0 kB
Bounce:                0 kB
WritebackTmp:          0 kB
CommitLimit:      503444 kB
Committed_AS:    1232812 kB
VmallocTotal:   34359738367 kB
VmallocUsed:           0 kB
VmallocChunk:          0 kB
HardwareCorrupted:     0 kB
AnonHugePages:         0 kB
ShmemHugePages:        0 kB
ShmemPmdMapped:        0 kB
HugePages_Total:       0
HugePages_Free:        0
HugePages_Rsvd:        0
HugePages_Surp:        0
Hugepagesize:       2048 kB
DirectMap4k:       75776 kB
DirectMap2M:      972800 kB

/sys/kernel/mm/transparent_hugepage/enabled:
always [madvise] never
/sys/kernel/mm/transparent_hugepage/defrag (defrag/compaction efforts parameter):
always defer defer+madvise [madvise] never

Process Memory:
Virtual Size: 2262776K (peak: 11080128K)
Resident Set Size: 61916K (peak: 86840K) (anon: 61916K, file: 0K, shmem: 0K)
Swapped out: 0K
C-Heap outstanding allocations: 14619K

/proc/sys/kernel/threads-max (system-wide limit on the number of threads):
7698
/proc/sys/vm/max_map_count (maximum number of memory map areas a process may have):
65530
/proc/sys/kernel/pid_max (system-wide limit on number of process identifiers):
32768

container (cgroup) information:
container_type: cgroupv1
cpu_cpuset_cpus: 0
cpu_memory_nodes: 0
active_processor_count: 1
cpu_quota: -1
cpu_period: 100000
cpu_shares: -1
memory_limit_in_bytes: -1
memory_and_swap_limit_in_bytes: -1
memory_soft_limit_in_bytes: -1
memory_usage_in_bytes: 923656192
memory_max_usage_in_bytes: 0

Xen hardware-assisted virtualization detected
Steal ticks since vm start: 16
Steal ticks percentage since vm start:  0.003

CPU:total 1 (initial active 1) (1 cores per cpu, 1 threads per core) family 6 model 63 stepping 2 microcode 0x46, cmov, cx8, fxsr, mmx, sse, sse2, sse3, ssse3, sse4.1, sse4.2, popcnt, avx, avx2, aes, clmul, erms, lzcnt, tsc, bmi1, bmi2, fma
CPU Model and flags from /proc/cpuinfo:
model name	: Intel(R) Xeon(R) CPU E5-2676 v3 @ 2.40GHz
flags		: fpu vme de pse tsc msr pae mce cx8 apic sep mtrr pge mca cmov pat pse36 clflush mmx fxsr sse sse2 ht syscall nx rdtscp lm constant_tsc rep_good nopl xtopology cpuid pni pclmulqdq ssse3 fma cx16 pcid sse4_1 sse4_2 x2apic movbe popcnt tsc_deadline_timer aes xsave avx f16c rdrand hypervisor lahf_lm abm cpuid_fault invpcid_single pti fsgsbase bmi1 avx2 smep bmi2 erms invpcid xsaveopt
Online cpus:
0
Offline cpus:
1-14
BIOS frequency limitation:
<Not Available>
Frequency switch latency (ns):
<Not Available>
Available cpu frequencies:
<Not Available>
Current governor:
<Not Available>
Core performance/turbo boost:
<Not Available>

Memory: 4k page, physical 1006892k(49072k free), swap 0k(0k free)

vm_info: OpenJDK 64-Bit Server VM (11.0.12+7-LTS) for linux-amd64 JRE (11.0.12+7-LTS), built on Aug  3 2021 02:33:35 by "mockbuild" with gcc 7.3.1 20180712 (Red Hat 7.3.1-13)

END.
